Performing C++ SOURCE FILE Test HAVE_CXX_FLAG_WSHORTEN_64_TO_32 failed with the following output:
Change Dir: /home/rrodriguez/2021-2/compiladores/clases/semana-4/cs3402-lab1/build/CMakeFiles/CMakeTmp

Run Build Command(s):/usr/bin/make cmTC_379ad/fast && /usr/bin/make -f CMakeFiles/cmTC_379ad.dir/build.make CMakeFiles/cmTC_379ad.dir/build
make[1]: Entering directory '/home/rrodriguez/2021-2/compiladores/clases/semana-4/cs3402-lab1/build/CMakeFiles/CMakeTmp'
Building CXX object CMakeFiles/cmTC_379ad.dir/src.cxx.o
/usr/bin/c++    -std=c++11  -Wall  -Wextra  -Wshadow  -Wsuggest-override  -pedantic  -pedantic-errors -DHAVE_CXX_FLAG_WSHORTEN_64_TO_32  -Wshorten-64-to-32   -Wshorten-64-to-32 -o CMakeFiles/cmTC_379ad.dir/src.cxx.o -c /home/rrodriguez/2021-2/compiladores/clases/semana-4/cs3402-lab1/build/CMakeFiles/CMakeTmp/src.cxx
c++: error: unrecognized command line option '-Wshorten-64-to-32'
c++: error: unrecognized command line option '-Wshorten-64-to-32'
make[1]: *** [CMakeFiles/cmTC_379ad.dir/build.make:66: CMakeFiles/cmTC_379ad.dir/src.cxx.o] Error 1
make[1]: Leaving directory '/home/rrodriguez/2021-2/compiladores/clases/semana-4/cs3402-lab1/build/CMakeFiles/CMakeTmp'
make: *** [Makefile:121: cmTC_379ad/fast] Error 2


Source file was:
int main() { return 0; }
Performing C++ SOURCE FILE Test HAVE_CXX_FLAG_WD654 failed with the following output:
Change Dir: /home/rrodriguez/2021-2/compiladores/clases/semana-4/cs3402-lab1/build/CMakeFiles/CMakeTmp

Run Build Command(s):/usr/bin/make cmTC_aa85c/fast && /usr/bin/make -f CMakeFiles/cmTC_aa85c.dir/build.make CMakeFiles/cmTC_aa85c.dir/build
make[1]: Entering directory '/home/rrodriguez/2021-2/compiladores/clases/semana-4/cs3402-lab1/build/CMakeFiles/CMakeTmp'
Building CXX object CMakeFiles/cmTC_aa85c.dir/src.cxx.o
/usr/bin/c++    -std=c++11  -Wall  -Wextra  -Wshadow  -Wsuggest-override  -pedantic  -pedantic-errors  -fstrict-aliasing  -Wno-deprecated-declarations  -Wstrict-aliasing -DHAVE_CXX_FLAG_WD654  -wd654   -wd654 -o CMakeFiles/cmTC_aa85c.dir/src.cxx.o -c /home/rrodriguez/2021-2/compiladores/clases/semana-4/cs3402-lab1/build/CMakeFiles/CMakeTmp/src.cxx
c++: error: unrecognized command line option '-wd654'
c++: error: unrecognized command line option '-wd654'
make[1]: *** [CMakeFiles/cmTC_aa85c.dir/build.make:66: CMakeFiles/cmTC_aa85c.dir/src.cxx.o] Error 1
make[1]: Leaving directory '/home/rrodriguez/2021-2/compiladores/clases/semana-4/cs3402-lab1/build/CMakeFiles/CMakeTmp'
make: *** [Makefile:121: cmTC_aa85c/fast] Error 2


Source file was:
int main() { return 0; }
Performing C++ SOURCE FILE Test HAVE_CXX_FLAG_WTHREAD_SAFETY failed with the following output:
Change Dir: /home/rrodriguez/2021-2/compiladores/clases/semana-4/cs3402-lab1/build/CMakeFiles/CMakeTmp

Run Build Command(s):/usr/bin/make cmTC_389cf/fast && /usr/bin/make -f CMakeFiles/cmTC_389cf.dir/build.make CMakeFiles/cmTC_389cf.dir/build
make[1]: Entering directory '/home/rrodriguez/2021-2/compiladores/clases/semana-4/cs3402-lab1/build/CMakeFiles/CMakeTmp'
Building CXX object CMakeFiles/cmTC_389cf.dir/src.cxx.o
/usr/bin/c++    -std=c++11  -Wall  -Wextra  -Wshadow  -Wsuggest-override  -pedantic  -pedantic-errors  -fstrict-aliasing  -Wno-deprecated-declarations  -Wstrict-aliasing -DHAVE_CXX_FLAG_WTHREAD_SAFETY  -Wthread-safety   -Wthread-safety -o CMakeFiles/cmTC_389cf.dir/src.cxx.o -c /home/rrodriguez/2021-2/compiladores/clases/semana-4/cs3402-lab1/build/CMakeFiles/CMakeTmp/src.cxx
c++: error: unrecognized command line option '-Wthread-safety'
c++: error: unrecognized command line option '-Wthread-safety'
make[1]: *** [CMakeFiles/cmTC_389cf.dir/build.make:66: CMakeFiles/cmTC_389cf.dir/src.cxx.o] Error 1
make[1]: Leaving directory '/home/rrodriguez/2021-2/compiladores/clases/semana-4/cs3402-lab1/build/CMakeFiles/CMakeTmp'
make: *** [Makefile:121: cmTC_389cf/fast] Error 2


Source file was:
int main() { return 0; }
Performing C SOURCE FILE Test CMAKE_HAVE_LIBC_PTHREAD failed with the following output:
Change Dir: /home/rrodriguez/2021-2/compiladores/clases/semana-4/cs3402-lab1/build/CMakeFiles/CMakeTmp

Run Build Command(s):/usr/bin/make cmTC_20e33/fast && /usr/bin/make -f CMakeFiles/cmTC_20e33.dir/build.make CMakeFiles/cmTC_20e33.dir/build
make[1]: Entering directory '/home/rrodriguez/2021-2/compiladores/clases/semana-4/cs3402-lab1/build/CMakeFiles/CMakeTmp'
Building C object CMakeFiles/cmTC_20e33.dir/src.c.o
/usr/bin/cc   -DCMAKE_HAVE_LIBC_PTHREAD   -o CMakeFiles/cmTC_20e33.dir/src.c.o   -c /home/rrodriguez/2021-2/compiladores/clases/semana-4/cs3402-lab1/build/CMakeFiles/CMakeTmp/src.c
Linking C executable cmTC_20e33
/usr/bin/cmake -E cmake_link_script CMakeFiles/cmTC_20e33.dir/link.txt --verbose=1
/usr/bin/cc  -DCMAKE_HAVE_LIBC_PTHREAD    CMakeFiles/cmTC_20e33.dir/src.c.o  -o cmTC_20e33 
/usr/bin/ld: CMakeFiles/cmTC_20e33.dir/src.c.o: in function `main':
src.c:(.text+0x46): undefined reference to `pthread_create'
/usr/bin/ld: src.c:(.text+0x52): undefined reference to `pthread_detach'
/usr/bin/ld: src.c:(.text+0x63): undefined reference to `pthread_join'
collect2: error: ld returned 1 exit status
make[1]: *** [CMakeFiles/cmTC_20e33.dir/build.make:87: cmTC_20e33] Error 1
make[1]: Leaving directory '/home/rrodriguez/2021-2/compiladores/clases/semana-4/cs3402-lab1/build/CMakeFiles/CMakeTmp'
make: *** [Makefile:121: cmTC_20e33/fast] Error 2


Source file was:
#include <pthread.h>

void* test_func(void* data)
{
  return data;
}

int main(void)
{
  pthread_t thread;
  pthread_create(&thread, NULL, test_func, NULL);
  pthread_detach(thread);
  pthread_join(thread, NULL);
  pthread_atfork(NULL, NULL, NULL);
  pthread_exit(NULL);

  return 0;
}

